2024-09-14 16:33:47,079 - INFO - Processando URL: https://www.ms.gov.br/
2024-09-14 16:33:47,952 - INFO - Todas as imagens possuem texto alternativo.
2024-09-14 16:33:47,953 - INFO - Processando URL: https://bioparquepantanal.ms.gov.br/
2024-09-14 16:33:51,205 - INFO - Imagem 1: possui texto alternativo 'Governo de MS'
2024-09-14 16:33:51,206 - INFO - Imagem 2: possui texto alternativo 'Bio Parque Pantanal'
2024-09-14 16:33:51,206 - INFO - Imagem 3: possui texto alternativo 'Governo de MS'
2024-09-14 16:33:51,206 - WARNING - Imagem 4: NÃO possui texto alternativo
2024-09-14 16:33:51,206 - INFO - Imagem 5: possui texto alternativo 'Tour virtual, clique aqui.'
2024-09-14 16:33:51,206 - WARNING - Imagem 6: NÃO possui texto alternativo
2024-09-14 16:33:51,207 - WARNING - Imagem 7: NÃO possui texto alternativo
2024-09-14 16:33:51,207 - WARNING - Imagem 8: NÃO possui texto alternativo
2024-09-14 16:33:51,207 - WARNING - Imagem 9: NÃO possui texto alternativo
2024-09-14 16:33:51,207 - WARNING - Imagem 10: NÃO possui texto alternativo
2024-09-14 16:33:51,207 - WARNING - Imagem 11: NÃO possui texto alternativo
2024-09-14 16:33:51,207 - WARNING - Imagem 12: NÃO possui texto alternativo
2024-09-14 16:33:51,207 - WARNING - Imagem 13: NÃO possui texto alternativo
2024-09-14 16:33:51,207 - INFO - Imagem 14: possui texto alternativo 'banner da campanha Todos Por Elas'
2024-09-14 16:33:51,207 - INFO - Imagem 15: possui texto alternativo 'banners da campanha Todos Por Elas'
2024-09-14 16:33:51,207 - INFO - Imagem 16: possui texto alternativo 'campanha contra a dengue'
2024-09-14 16:33:51,207 - INFO - Imagem 17: possui texto alternativo 'campanha contra a dengue'
2024-09-14 16:33:51,207 - INFO - Imagem 18: possui texto alternativo 'todos os serviços em um so lugar - ms.gov.br'
2024-09-14 16:33:51,207 - INFO - Imagem 19: possui texto alternativo 'todos os serviços em um so lugar - ms.gov.br'
2024-09-14 16:33:51,207 - INFO - Imagem 20: possui texto alternativo 'Banner décimo nono Premio sul matogrossense de inovação na gestão pública'
2024-09-14 16:33:51,208 - INFO - Imagem 21: possui texto alternativo 'Banner décimo nono Premio sul matogrossense de inovação na gestão pública'
2024-09-14 16:33:51,208 - WARNING - Imagem 22: NÃO possui texto alternativo
2024-09-14 16:33:51,208 - WARNING - Imagem 23: NÃO possui texto alternativo
2024-09-14 16:33:51,208 - WARNING - Imagem 24: NÃO possui texto alternativo
2024-09-14 16:33:51,208 - INFO - Imagem 25: possui texto alternativo 'A família Bioparque não para de crescer! \U0001f41f\U0001f49a
Dessa vez, de forma inédita, acompanhamos a desova de dois casais de piranhas em um dos recintos do Bioparque Pantanal!'
2024-09-14 16:33:51,208 - INFO - Imagem 26: possui texto alternativo 'Hoje é o dia do Médico Veterinário!

Ontem o Bioparque Pantanal abriu as portas para 40 alunos do curso de Medicina Veterinária de Três Lagoas para uma visita técnica no complexo, onde puderam observar a rotina e os cuidados dos profissionais do Maior Aquário de Água Doce do Mundo \U0001f420'
2024-09-14 16:33:51,208 - INFO - Imagem 27: possui texto alternativo 'A equipe do Núcleo de Educação Ambiental do Bioparque Pantanal esteve presente na Escola Estadual Aracy Eudociak num momento de muita interação e conhecimento.

Atividades pedagógicas, palestra, exposição de animais taxidermizados e um tour virtual pelo complexo de água doce foram fundamentais para a conscientização ambiental e a popularização da ciência.

O bioma Pantanal foi o tema principal das atividades e muito bem recebido pelos estudantes. A ação fez parte do projeto ‘Bioparque vai à escola’.'
2024-09-14 16:33:51,208 - INFO - Imagem 28: possui texto alternativo 'Axolotes e enriquecimento ambiental \U0001f49a

O enriquecimento ambiental é uma das estratégias de bem-estar animal adotadas no Bioparque Pantanal, estimulando o comportamento natural das espécies!'
2024-09-14 16:33:51,208 - WARNING - Imagem 29: NÃO possui texto alternativo
2024-09-14 16:33:51,208 - WARNING - Imagem 30: NÃO possui texto alternativo
2024-09-14 16:33:51,208 - WARNING - Imagem 31: NÃO possui texto alternativo
2024-09-14 16:33:51,208 - WARNING - Imagem 32: NÃO possui texto alternativo
2024-09-14 16:33:51,208 - WARNING - Imagem 33: NÃO possui texto alternativo
2024-09-14 16:33:51,209 - WARNING - Imagem 34: NÃO possui texto alternativo
2024-09-14 16:33:51,209 - WARNING - Imagem 35: NÃO possui texto alternativo
2024-09-14 16:33:51,209 - INFO - Imagem 36: possui texto alternativo 'Carregando ...'
2024-09-14 16:33:51,209 - WARNING - Imagem 37: NÃO possui texto alternativo
2024-09-14 16:33:51,209 - INFO - Imagem 38: possui texto alternativo 'wpChatIcon'
2024-09-14 16:33:51,209 - WARNING - Imagem 39: NÃO possui texto alternativo
2024-09-14 16:33:51,209 - INFO - Imagem 1: sugerido texto alternativo 'Texto alternativo sugerido pela IA'
2024-09-14 16:33:51,209 - INFO - Imagem 2: sugerido texto alternativo 'Texto alternativo sugerido pela IA'
2024-09-14 16:33:51,209 - INFO - Imagem 3: sugerido texto alternativo 'Texto alternativo sugerido pela IA'
2024-09-14 16:33:51,209 - INFO - Imagem 4: sugerido texto alternativo 'Texto alternativo sugerido pela IA'
2024-09-14 16:33:51,209 - INFO - Imagem 5: sugerido texto alternativo 'Texto alternativo sugerido pela IA'
2024-09-14 16:33:51,209 - INFO - Imagem 6: sugerido texto alternativo 'Texto alternativo sugerido pela IA'
2024-09-14 16:33:51,209 - INFO - Imagem 7: sugerido texto alternativo 'Texto alternativo sugerido pela IA'
2024-09-14 16:33:51,209 - INFO - Imagem 8: sugerido texto alternativo 'Texto alternativo sugerido pela IA'
2024-09-14 16:33:51,209 - INFO - Imagem 9: sugerido texto alternativo 'Texto alternativo sugerido pela IA'
2024-09-14 16:33:51,209 - INFO - Imagem 10: sugerido texto alternativo 'Texto alternativo sugerido pela IA'
2024-09-14 16:33:51,210 - INFO - Imagem 11: sugerido texto alternativo 'Texto alternativo sugerido pela IA'
2024-09-14 16:33:51,210 - INFO - Imagem 12: sugerido texto alternativo 'Texto alternativo sugerido pela IA'
2024-09-14 16:33:51,210 - INFO - Imagem 13: sugerido texto alternativo 'Texto alternativo sugerido pela IA'
2024-09-14 16:33:51,210 - INFO - Imagem 14: sugerido texto alternativo 'Texto alternativo sugerido pela IA'
2024-09-14 16:33:51,210 - INFO - Imagem 15: sugerido texto alternativo 'Texto alternativo sugerido pela IA'
2024-09-14 16:33:51,210 - INFO - Imagem 16: sugerido texto alternativo 'Texto alternativo sugerido pela IA'
2024-09-14 16:33:51,210 - INFO - Imagem 17: sugerido texto alternativo 'Texto alternativo sugerido pela IA'
2024-09-14 16:33:51,210 - INFO - Imagem 18: sugerido texto alternativo 'Texto alternativo sugerido pela IA'
2024-09-14 16:33:51,210 - INFO - Imagem 19: sugerido texto alternativo 'Texto alternativo sugerido pela IA'
2024-09-14 16:33:51,210 - INFO - Imagem 20: sugerido texto alternativo 'Texto alternativo sugerido pela IA'
2024-09-14 16:33:51,210 - INFO - Imagem 21: sugerido texto alternativo 'Texto alternativo sugerido pela IA'
